# JRE version: Java(TM) SE Runtime Environment (7.0_80-b15) (build 1.7.0_80-b15)
# Java VM: Java HotSpot(TM) 64-Bit Server VM (24.80-b11 mixed mode linux-amd64 compressed oops)
Heap
 PSYoungGen      total 108032K, used 544K [0x00000000ebf00000, 0x00000000f3280000, 0x0000000100000000)
  eden space 97792K, 0% used [0x00000000ebf00000,0x00000000ebf00000,0x00000000f1e80000)
  from space 10240K, 5% used [0x00000000f1e80000,0x00000000f1f08000,0x00000000f2880000)
  to   space 9728K, 0% used [0x00000000f2900000,0x00000000f2900000,0x00000000f3280000)
 ParOldGen       total 40960K, used 33811K [0x00000000c3e00000, 0x00000000c6600000, 0x00000000ebf00000)
  object space 40960K, 82% used [0x00000000c3e00000,0x00000000c5f04d08,0x00000000c6600000)
 PSPermGen       total 21504K, used 8226K [0x00000000bec00000, 0x00000000c0100000, 0x00000000c3e00000)
  object space 21504K, 38% used [0x00000000bec00000,0x00000000bf408878,0x00000000c0100000)
GC Heap History (10 events):
Event: 32.154 GC heap after
Heap after GC invocations=18 (full 0):
 PSYoungGen      total 58880K, used 3936K [0x00000000ebf00000, 0x00000000f0100000, 0x0000000100000000)
  eden space 51200K, 0% used [0x00000000ebf00000,0x00000000ebf00000,0x00000000ef100000)
  from space 7680K, 51% used [0x00000000ef980000,0x00000000efd58000,0x00000000f0100000)
  to   space 8192K, 0% used [0x00000000ef100000,0x00000000ef100000,0x00000000ef900000)
 ParOldGen       total 40960K, used 30779K [0x00000000c3e00000, 0x00000000c6600000, 0x00000000ebf00000)
  object space 40960K, 75% used [0x00000000c3e00000,0x00000000c5c0ef00,0x00000000c6600000)
 PSPermGen       total 21504K, used 8192K [0x00000000bec00000, 0x00000000c0100000, 0x00000000c3e00000)
  object space 21504K, 38% used [0x00000000bec00000,0x00000000bf400298,0x00000000c0100000)
}
Event: 33.300 GC heap before
{Heap before GC invocations=19 (full 0):
 PSYoungGen      total 58880K, used 55136K [0x00000000ebf00000, 0x00000000f0100000, 0x0000000100000000)
  eden space 51200K, 100% used [0x00000000ebf00000,0x00000000ef100000,0x00000000ef100000)
  from space 7680K, 51% used [0x00000000ef980000,0x00000000efd58000,0x00000000f0100000)
  to   space 8192K, 0% used [0x00000000ef100000,0x00000000ef100000,0x00000000ef900000)
 ParOldGen       total 40960K, used 30779K [0x00000000c3e00000, 0x00000000c6600000, 0x00000000ebf00000)
  object space 40960K, 75% used [0x00000000c3e00000,0x00000000c5c0ef00,0x00000000c6600000)
 PSPermGen       total 21504K, used 8194K [0x00000000bec00000, 0x00000000c0100000, 0x00000000c3e00000)
  object space 21504K, 38% used [0x00000000bec00000,0x00000000bf400a10,0x00000000c0100000)
Event: 35.550 GC heap after
Heap after GC invocations=19 (full 0):
 PSYoungGen      total 59392K, used 6208K [0x00000000ebf00000, 0x00000000f1600000, 0x0000000100000000)
  eden space 51200K, 0% used [0x00000000ebf00000,0x00000000ebf00000,0x00000000ef100000)
  from space 8192K, 75% used [0x00000000ef100000,0x00000000ef710000,0x00000000ef900000)
  to   space 8704K, 0% used [0x00000000f0d80000,0x00000000f0d80000,0x00000000f1600000)
 ParOldGen       total 40960K, used 30891K [0x00000000c3e00000, 0x00000000c6600000, 0x00000000ebf00000)
  object space 40960K, 75% used [0x00000000c3e00000,0x00000000c5c2af00,0x00000000c6600000)
 PSPermGen       total 21504K, used 8194K [0x00000000bec00000, 0x00000000c0100000, 0x00000000c3e00000)
  object space 21504K, 38% used [0x00000000bec00000,0x00000000bf400a10,0x00000000c0100000)
}
Event: 42.888 GC heap before
{Heap before GC invocations=20 (full 0):
 PSYoungGen      total 59392K, used 57408K [0x00000000ebf00000, 0x00000000f1600000, 0x0000000100000000)
  eden space 51200K, 100% used [0x00000000ebf00000,0x00000000ef100000,0x00000000ef100000)
  from space 8192K, 75% used [0x00000000ef100000,0x00000000ef710000,0x00000000ef900000)
  to   space 8704K, 0% used [0x00000000f0d80000,0x00000000f0d80000,0x00000000f1600000)
 ParOldGen       total 40960K, used 30891K [0x00000000c3e00000, 0x00000000c6600000, 0x00000000ebf00000)
  object space 40960K, 75% used [0x00000000c3e00000,0x00000000c5c2af00,0x00000000c6600000)
 PSPermGen       total 21504K, used 8197K [0x00000000bec00000, 0x00000000c0100000, 0x00000000c3e00000)
  object space 21504K, 38% used [0x00000000bec00000,0x00000000bf4016e0,0x00000000c0100000)
Event: 46.407 GC heap after
Heap after GC invocations=20 (full 0):
 PSYoungGen      total 78336K, used 8704K [0x00000000ebf00000, 0x00000000f1a00000, 0x0000000100000000)
  eden space 69632K, 0% used [0x00000000ebf00000,0x00000000ebf00000,0x00000000f0300000)
  from space 8704K, 100% used [0x00000000f0d80000,0x00000000f1600000,0x00000000f1600000)
  to   space 10752K, 0% used [0x00000000f0300000,0x00000000f0300000,0x00000000f0d80000)
 ParOldGen       total 40960K, used 33339K [0x00000000c3e00000, 0x00000000c6600000, 0x00000000ebf00000)
  object space 40960K, 81% used [0x00000000c3e00000,0x00000000c5e8ef40,0x00000000c6600000)
 PSPermGen       total 21504K, used 8197K [0x00000000bec00000, 0x00000000c0100000, 0x00000000c3e00000)
  object space 21504K, 38% used [0x00000000bec00000,0x00000000bf4016e0,0x00000000c0100000)
}
Event: 100.412 GC heap before
{Heap before GC invocations=21 (full 0):
 PSYoungGen      total 78336K, used 78336K [0x00000000ebf00000, 0x00000000f1a00000, 0x0000000100000000)
  eden space 69632K, 100% used [0x00000000ebf00000,0x00000000f0300000,0x00000000f0300000)
  from space 8704K, 100% used [0x00000000f0d80000,0x00000000f1600000,0x00000000f1600000)
  to   space 10752K, 0% used [0x00000000f0300000,0x00000000f0300000,0x00000000f0d80000)
 ParOldGen       total 40960K, used 33339K [0x00000000c3e00000, 0x00000000c6600000, 0x00000000ebf00000)
  object space 40960K, 81% used [0x00000000c3e00000,0x00000000c5e8ef40,0x00000000c6600000)
 PSPermGen       total 21504K, used 8210K [0x00000000bec00000, 0x00000000c0100000, 0x00000000c3e00000)
  object space 21504K, 38% used [0x00000000bec00000,0x00000000bf404a88,0x00000000c0100000)
Event: 100.778 GC heap after
Heap after GC invocations=21 (full 0):
 PSYoungGen      total 80384K, used 2304K [0x00000000ebf00000, 0x00000000f3380000, 0x0000000100000000)
  eden space 69632K, 0% used [0x00000000ebf00000,0x00000000ebf00000,0x00000000f0300000)
  from space 10752K, 21% used [0x00000000f0300000,0x00000000f0540000,0x00000000f0d80000)
  to   space 10752K, 0% used [0x00000000f2900000,0x00000000f2900000,0x00000000f3380000)
 ParOldGen       total 40960K, used 33563K [0x00000000c3e00000, 0x00000000c6600000, 0x00000000ebf00000)
  object space 40960K, 81% used [0x00000000c3e00000,0x00000000c5ec6f50,0x00000000c6600000)
 PSPermGen       total 21504K, used 8210K [0x00000000bec00000, 0x00000000c0100000, 0x00000000c3e00000)
  object space 21504K, 38% used [0x00000000bec00000,0x00000000bf404a88,0x00000000c0100000)
}
Event: 101.278 GC heap before
{Heap before GC invocations=22 (full 0):
 PSYoungGen      total 80384K, used 71936K [0x00000000ebf00000, 0x00000000f3380000, 0x0000000100000000)
  eden space 69632K, 100% used [0x00000000ebf00000,0x00000000f0300000,0x00000000f0300000)
  from space 10752K, 21% used [0x00000000f0300000,0x00000000f0540000,0x00000000f0d80000)
  to   space 10752K, 0% used [0x00000000f2900000,0x00000000f2900000,0x00000000f3380000)
 ParOldGen       total 40960K, used 33563K [0x00000000c3e00000, 0x00000000c6600000, 0x00000000ebf00000)
  object space 40960K, 81% used [0x00000000c3e00000,0x00000000c5ec6f50,0x00000000c6600000)
 PSPermGen       total 21504K, used 8210K [0x00000000bec00000, 0x00000000c0100000, 0x00000000c3e00000)
  object space 21504K, 38% used [0x00000000bec00000,0x00000000bf404b60,0x00000000c0100000)
Event: 101.287 GC heap after
Heap after GC invocations=22 (full 0):
 PSYoungGen      total 107520K, used 3040K [0x00000000ebf00000, 0x00000000f3280000, 0x0000000100000000)
  eden space 97792K, 0% used [0x00000000ebf00000,0x00000000ebf00000,0x00000000f1e80000)
  from space 9728K, 31% used [0x00000000f2900000,0x00000000f2bf8000,0x00000000f3280000)
  to   space 10240K, 0% used [0x00000000f1e80000,0x00000000f1e80000,0x00000000f2880000)
 ParOldGen       total 40960K, used 33723K [0x00000000c3e00000, 0x00000000c6600000, 0x00000000ebf00000)
  object space 40960K, 82% used [0x00000000c3e00000,0x00000000c5eeef60,0x00000000c6600000)
 PSPermGen       total 21504K, used 8210K [0x00000000bec00000, 0x00000000c0100000, 0x00000000c3e00000)
  object space 21504K, 38% used [0x00000000bec00000,0x00000000bf404b60,0x00000000c0100000)
}
Event: 102.184 GC heap before
{Heap before GC invocations=23 (full 0):
 PSYoungGen      total 107520K, used 100832K [0x00000000ebf00000, 0x00000000f3280000, 0x0000000100000000)
  eden space 97792K, 100% used [0x00000000ebf00000,0x00000000f1e80000,0x00000000f1e80000)
  from space 9728K, 31% used [0x00000000f2900000,0x00000000f2bf8000,0x00000000f3280000)
  to   space 10240K, 0% used [0x00000000f1e80000,0x00000000f1e80000,0x00000000f2880000)
 ParOldGen       total 40960K, used 33723K [0x00000000c3e00000, 0x00000000c6600000, 0x00000000ebf00000)
  object space 40960K, 82% used [0x00000000c3e00000,0x00000000c5eeef60,0x00000000c6600000)
 PSPermGen       total 21504K, used 8226K [0x00000000bec00000, 0x00000000c0100000, 0x00000000c3e00000)
  object space 21504K, 38% used [0x00000000bec00000,0x00000000bf408878,0x00000000c0100000)

